<?xml version="1.0" encoding="UTF-8" ?>
<testsuite tests="3" failures="0" name="phil.blockchain.example.CryptoUtilTest" time="1.103" errors="0" skipped="0">
  <properties>
[...]
</properties>
  <testcase classname="phil.blockchain.example.CryptoUtilTest" name="testSignAndVerifyData" time="0.745"/>
  <testcase classname="phil.blockchain.example.CryptoUtilTest" name="testVerifyIncorrectSignature" time="0.294"/>
  <testcase classname="phil.blockchain.example.CryptoUtilTest" name="testGenerateKeyPair" time="0.064"/>
</testsuite>